[32m[Nest] 50054  - [39m03/29/2026, 4:18:25 AM [32m    LOG[39m [38;5;3m[NestFactory] [39m[32mStarting Nest application...[39m
[32m[Nest] 50054  - [39m03/29/2026, 4:18:25 AM [32m    LOG[39m [38;5;3m[InstanceLoader] [39m[32mTypeOrmModule dependencies initialized[39m[38;5;3m +15ms[39m
[32m[Nest] 50054  - [39m03/29/2026, 4:18:25 AM [32m    LOG[39m [38;5;3m[InstanceLoader] [39m[32mAppModule dependencies initialized[39m[38;5;3m +0ms[39m
[32m[Nest] 50054  - [39m03/29/2026, 4:18:25 AM [32m    LOG[39m [38;5;3m[InstanceLoader] [39m[32mConfigHostModule dependencies initialized[39m[38;5;3m +0ms[39m
[32m[Nest] 50054  - [39m03/29/2026, 4:18:25 AM [32m    LOG[39m [38;5;3m[InstanceLoader] [39m[32mInquiriesModule dependencies initialized[39m[38;5;3m +0ms[39m
[32m[Nest] 50054  - [39m03/29/2026, 4:18:25 AM [32m    LOG[39m [38;5;3m[InstanceLoader] [39m[32mOrdersModule dependencies initialized[39m[38;5;3m +0ms[39m
[32m[Nest] 50054  - [39m03/29/2026, 4:18:25 AM [32m    LOG[39m [38;5;3m[InstanceLoader] [39m[32mStatsModule dependencies initialized[39m[38;5;3m +0ms[39m
[32m[Nest] 50054  - [39m03/29/2026, 4:18:25 AM [32m    LOG[39m [38;5;3m[InstanceLoader] [39m[32mAdminModule dependencies initialized[39m[38;5;3m +0ms[39m
[32m[Nest] 50054  - [39m03/29/2026, 4:18:25 AM [32m    LOG[39m [38;5;3m[InstanceLoader] [39m[32mConfigModule dependencies initialized[39m[38;5;3m +1ms[39m
[32m[Nest] 50054  - [39m03/29/2026, 4:18:25 AM [32m    LOG[39m [38;5;3m[InstanceLoader] [39m[32mConfigModule dependencies initialized[39m[38;5;3m +0ms[39m
[32m[Nest] 50054  - [39m03/29/2026, 4:18:25 AM [32m    LOG[39m [38;5;3m[InstanceLoader] [39m[32mSmsModule dependencies initialized[39m[38;5;3m +5ms[39m
[32m[Nest] 50054  - [39m03/29/2026, 4:18:25 AM [32m    LOG[39m [38;5;3m[InstanceLoader] [39m[32mJwtModule dependencies initialized[39m[38;5;3m +0ms[39m
[32m[Nest] 50054  - [39m03/29/2026, 4:18:25 AM [32m    LOG[39m [38;5;3m[InstanceLoader] [39m[32mTypeOrmCoreModule dependencies initialized[39m[38;5;3m +23ms[39m
[32m[Nest] 50054  - [39m03/29/2026, 4:18:25 AM [32m    LOG[39m [38;5;3m[InstanceLoader] [39m[32mTypeOrmModule dependencies initialized[39m[38;5;3m +1ms[39m
[32m[Nest] 50054  - [39m03/29/2026, 4:18:25 AM [32m    LOG[39m [38;5;3m[InstanceLoader] [39m[32mTypeOrmModule dependencies initialized[39m[38;5;3m +0ms[39m
[32m[Nest] 50054  - [39m03/29/2026, 4:18:25 AM [32m    LOG[39m [38;5;3m[InstanceLoader] [39m[32mTypeOrmModule dependencies initialized[39m[38;5;3m +0ms[39m
[32m[Nest] 50054  - [39m03/29/2026, 4:18:25 AM [32m    LOG[39m [38;5;3m[InstanceLoader] [39m[32mTypeOrmModule dependencies initialized[39m[38;5;3m +0ms[39m
[32m[Nest] 50054  - [39m03/29/2026, 4:18:25 AM [32m    LOG[39m [38;5;3m[InstanceLoader] [39m[32mTypeOrmModule dependencies initialized[39m[38;5;3m +0ms[39m
[32m[Nest] 50054  - [39m03/29/2026, 4:18:25 AM [32m    LOG[39m [38;5;3m[InstanceLoader] [39m[32mTypeOrmModule dependencies initialized[39m[38;5;3m +0ms[39m
[32m[Nest] 50054  - [39m03/29/2026, 4:18:25 AM [32m    LOG[39m [38;5;3m[InstanceLoader] [39m[32mTypeOrmModule dependencies initialized[39m[38;5;3m +0ms[39m
[32m[Nest] 50054  - [39m03/29/2026, 4:18:25 AM [32m    LOG[39m [38;5;3m[InstanceLoader] [39m[32mDemandsModule dependencies initialized[39m[38;5;3m +1ms[39m
[32m[Nest] 50054  - [39m03/29/2026, 4:18:25 AM [32m    LOG[39m [38;5;3m[InstanceLoader] [39m[32mProductsModule dependencies initialized[39m[38;5;3m +0ms[39m
[32m[Nest] 50054  - [39m03/29/2026, 4:18:25 AM [32m    LOG[39m [38;5;3m[InstanceLoader] [39m[32mUsersModule dependencies initialized[39m[38;5;3m +0ms[39m
[32m[Nest] 50054  - [39m03/29/2026, 4:18:25 AM [32m    LOG[39m [38;5;3m[InstanceLoader] [39m[32mMerchantsModule dependencies initialized[39m[38;5;3m +0ms[39m
[32m[Nest] 50054  - [39m03/29/2026, 4:18:25 AM [32m    LOG[39m [38;5;3m[InstanceLoader] [39m[32mCategoriesModule dependencies initialized[39m[38;5;3m +0ms[39m
[32m[Nest] 50054  - [39m03/29/2026, 4:18:25 AM [32m    LOG[39m [38;5;3m[InstanceLoader] [39m[32mAuthModule dependencies initialized[39m[38;5;3m +0ms[39m
[32m[Nest] 50054  - [39m03/29/2026, 4:18:25 AM [32m    LOG[39m [38;5;3m[RoutesResolver] [39m[32mAppController {/api}:[39m[38;5;3m +30ms[39m
[32m[Nest] 50054  - [39m03/29/2026, 4:18:25 AM [32m    LOG[39m [38;5;3m[RouterExplorer] [39m[32mMapped {/api, GET} route[39m[38;5;3m +2ms[39m
[32m[Nest] 50054  - [39m03/29/2026, 4:18:25 AM [32m    LOG[39m [38;5;3m[RoutesResolver] [39m[32mAuthController {/api/auth}:[39m[38;5;3m +0ms[39m
[32m[Nest] 50054  - [39m03/29/2026, 4:18:25 AM [32m    LOG[39m [38;5;3m[RouterExplorer] [39m[32mMapped {/api/auth/register, POST} route[39m[38;5;3m +1ms[39m
[32m[Nest] 50054  - [39m03/29/2026, 4:18:25 AM [32m    LOG[39m [38;5;3m[RouterExplorer] [39m[32mMapped {/api/auth/login, POST} route[39m[38;5;3m +0ms[39m
[32m[Nest] 50054  - [39m03/29/2026, 4:18:25 AM [32m    LOG[39m [38;5;3m[RouterExplorer] [39m[32mMapped {/api/auth/me, GET} route[39m[38;5;3m +0ms[39m
[32m[Nest] 50054  - [39m03/29/2026, 4:18:25 AM [32m    LOG[39m [38;5;3m[RoutesResolver] [39m[32mUsersController {/api/users}:[39m[38;5;3m +0ms[39m
[32m[Nest] 50054  - [39m03/29/2026, 4:18:25 AM [32m    LOG[39m [38;5;3m[RouterExplorer] [39m[32mMapped {/api/users, GET} route[39m[38;5;3m +1ms[39m
[32m[Nest] 50054  - [39m03/29/2026, 4:18:25 AM [32m    LOG[39m [38;5;3m[RouterExplorer] [39m[32mMapped {/api/users/:id, GET} route[39m[38;5;3m +0ms[39m
[32m[Nest] 50054  - [39m03/29/2026, 4:18:25 AM [32m    LOG[39m [38;5;3m[RouterExplorer] [39m[32mMapped {/api/users, POST} route[39m[38;5;3m +0ms[39m
[32m[Nest] 50054  - [39m03/29/2026, 4:18:25 AM [32m    LOG[39m [38;5;3m[RouterExplorer] [39m[32mMapped {/api/users/:id, PUT} route[39m[38;5;3m +0ms[39m
[32m[Nest] 50054  - [39m03/29/2026, 4:18:25 AM [32m    LOG[39m [38;5;3m[RouterExplorer] [39m[32mMapped {/api/users/:id, DELETE} route[39m[38;5;3m +1ms[39m
[32m[Nest] 50054  - [39m03/29/2026, 4:18:25 AM [32m    LOG[39m [38;5;3m[RoutesResolver] [39m[32mMerchantsController {/api/merchants}:[39m[38;5;3m +0ms[39m
[32m[Nest] 50054  - [39m03/29/2026, 4:18:25 AM [32m    LOG[39m [38;5;3m[RouterExplorer] [39m[32mMapped {/api/merchants, GET} route[39m[38;5;3m +0ms[39m
[32m[Nest] 50054  - [39m03/29/2026, 4:18:25 AM [32m    LOG[39m [38;5;3m[RouterExplorer] [39m[32mMapped {/api/merchants/:id, GET} route[39m[38;5;3m +0ms[39m
[32m[Nest] 50054  - [39m03/29/2026, 4:18:25 AM [32m    LOG[39m [38;5;3m[RouterExplorer] [39m[32mMapped {/api/merchants/:id/products, GET} route[39m[38;5;3m +1ms[39m
[32m[Nest] 50054  - [39m03/29/2026, 4:18:25 AM [32m    LOG[39m [38;5;3m[RouterExplorer] [39m[32mMapped {/api/merchants, POST} route[39m[38;5;3m +0ms[39m
[32m[Nest] 50054  - [39m03/29/2026, 4:18:25 AM [32m    LOG[39m [38;5;3m[RouterExplorer] [39m[32mMapped {/api/merchants/:id, PUT} route[39m[38;5;3m +0ms[39m
[32m[Nest] 50054  - [39m03/29/2026, 4:18:25 AM [32m    LOG[39m [38;5;3m[RoutesResolver] [39m[32mDemandsController {/api/demands}:[39m[38;5;3m +0ms[39m
[32m[Nest] 50054  - [39m03/29/2026, 4:18:25 AM [32m    LOG[39m [38;5;3m[RouterExplorer] [39m[32mMapped {/api/demands, POST} route[39m[38;5;3m +0ms[39m
[32m[Nest] 50054  - [39m03/29/2026, 4:18:25 AM [32m    LOG[39m [38;5;3m[RouterExplorer] [39m[32mMapped {/api/demands, GET} route[39m[38;5;3m +0ms[39m
[32m[Nest] 50054  - [39m03/29/2026, 4:18:25 AM [32m    LOG[39m [38;5;3m[RouterExplorer] [39m[32mMapped {/api/demands/my, GET} route[39m[38;5;3m +1ms[39m
[32m[Nest] 50054  - [39m03/29/2026, 4:18:25 AM [32m    LOG[39m [38;5;3m[RouterExplorer] [39m[32mMapped {/api/demands/:id, GET} route[39m[38;5;3m +0ms[39m
[32m[Nest] 50054  - [39m03/29/2026, 4:18:25 AM [32m    LOG[39m [38;5;3m[RouterExplorer] [39m[32mMapped {/api/demands/:id/match, GET} route[39m[38;5;3m +0ms[39m
[32m[Nest] 50054  - [39m03/29/2026, 4:18:25 AM [32m    LOG[39m [38;5;3m[RouterExplorer] [39m[32mMapped {/api/demands/:id, PUT} route[39m[38;5;3m +0ms[39m
[32m[Nest] 50054  - [39m03/29/2026, 4:18:25 AM [32m    LOG[39m [38;5;3m[RouterExplorer] [39m[32mMapped {/api/demands/:id, DELETE} route[39m[38;5;3m +0ms[39m
[32m[Nest] 50054  - [39m03/29/2026, 4:18:25 AM [32m    LOG[39m [38;5;3m[RoutesResolver] [39m[32mProductsController {/api/products}:[39m[38;5;3m +0ms[39m
[32m[Nest] 50054  - [39m03/29/2026, 4:18:25 AM [32m    LOG[39m [38;5;3m[RouterExplorer] [39m[32mMapped {/api/products, POST} route[39m[38;5;3m +1ms[39m
[32m[Nest] 50054  - [39m03/29/2026, 4:18:25 AM [32m    LOG[39m [38;5;3m[RouterExplorer] [39m[32mMapped {/api/products, GET} route[39m[38;5;3m +0ms[39m
[32m[Nest] 50054  - [39m03/29/2026, 4:18:25 AM [32m    LOG[39m [38;5;3m[RouterExplorer] [39m[32mMapped {/api/products/:id, GET} route[39m[38;5;3m +0ms[39m
[32m[Nest] 50054  - [39m03/29/2026, 4:18:25 AM [32m    LOG[39m [38;5;3m[RouterExplorer] [39m[32mMapped {/api/products/:id/similar, GET} route[39m[38;5;3m +0ms[39m
[32m[Nest] 50054  - [39m03/29/2026, 4:18:25 AM [32m    LOG[39m [38;5;3m[RouterExplorer] [39m[32mMapped {/api/products/:id, PUT} route[39m[38;5;3m +0ms[39m
[32m[Nest] 50054  - [39m03/29/2026, 4:18:25 AM [32m    LOG[39m [38;5;3m[RouterExplorer] [39m[32mMapped {/api/products/:id, DELETE} route[39m[38;5;3m +0ms[39m
[32m[Nest] 50054  - [39m03/29/2026, 4:18:25 AM [32m    LOG[39m [38;5;3m[RouterExplorer] [39m[32mMapped {/api/products/:id/approve, POST} route[39m[38;5;3m +0ms[39m
[32m[Nest] 50054  - [39m03/29/2026, 4:18:25 AM [32m    LOG[39m [38;5;3m[RouterExplorer] [39m[32mMapped {/api/products/:id/reject, POST} route[39m[38;5;3m +0ms[39m
[32m[Nest] 50054  - [39m03/29/2026, 4:18:25 AM [32m    LOG[39m [38;5;3m[RoutesResolver] [39m[32mCategoriesController {/api/categories}:[39m[38;5;3m +1ms[39m
[32m[Nest] 50054  - [39m03/29/2026, 4:18:25 AM [32m    LOG[39m [38;5;3m[RouterExplorer] [39m[32mMapped {/api/categories/initialize, POST} route[39m[38;5;3m +0ms[39m
[32m[Nest] 50054  - [39m03/29/2026, 4:18:25 AM [32m    LOG[39m [38;5;3m[RouterExplorer] [39m[32mMapped {/api/categories, GET} route[39m[38;5;3m +0ms[39m
[32m[Nest] 50054  - [39m03/29/2026, 4:18:25 AM [32m    LOG[39m [38;5;3m[RouterExplorer] [39m[32mMapped {/api/categories/:id, GET} route[39m[38;5;3m +0ms[39m
[32m[Nest] 50054  - [39m03/29/2026, 4:18:25 AM [32m    LOG[39m [38;5;3m[RoutesResolver] [39m[32mInquiriesController {/api/api/inquiries}:[39m[38;5;3m +0ms[39m
[32m[Nest] 50054  - [39m03/29/2026, 4:18:25 AM [32m    LOG[39m [38;5;3m[RouterExplorer] [39m[32mMapped {/api/api/inquiries, GET} route[39m[38;5;3m +0ms[39m
[32m[Nest] 50054  - [39m03/29/2026, 4:18:25 AM [32m    LOG[39m [38;5;3m[RouterExplorer] [39m[32mMapped {/api/api/inquiries/:id, GET} route[39m[38;5;3m +0ms[39m
[32m[Nest] 50054  - [39m03/29/2026, 4:18:25 AM [32m    LOG[39m [38;5;3m[RouterExplorer] [39m[32mMapped {/api/api/inquiries, POST} route[39m[38;5;3m +1ms[39m
[32m[Nest] 50054  - [39m03/29/2026, 4:18:25 AM [32m    LOG[39m [38;5;3m[RoutesResolver] [39m[32mOrdersController {/api/api/orders}:[39m[38;5;3m +0ms[39m
[32m[Nest] 50054  - [39m03/29/2026, 4:18:25 AM [32m    LOG[39m [38;5;3m[RouterExplorer] [39m[32mMapped {/api/api/orders, GET} route[39m[38;5;3m +0ms[39m
[32m[Nest] 50054  - [39m03/29/2026, 4:18:25 AM [32m    LOG[39m [38;5;3m[RouterExplorer] [39m[32mMapped {/api/api/orders/:id, GET} route[39m[38;5;3m +0ms[39m
[32m[Nest] 50054  - [39m03/29/2026, 4:18:25 AM [32m    LOG[39m [38;5;3m[RouterExplorer] [39m[32mMapped {/api/api/orders, POST} route[39m[38;5;3m +0ms[39m
[32m[Nest] 50054  - [39m03/29/2026, 4:18:25 AM [32m    LOG[39m [38;5;3m[RoutesResolver] [39m[32mStatsController {/api/api/stats}:[39m[38;5;3m +0ms[39m
[32m[Nest] 50054  - [39m03/29/2026, 4:18:25 AM [32m    LOG[39m [38;5;3m[RouterExplorer] [39m[32mMapped {/api/api/stats/dashboard, GET} route[39m[38;5;3m +0ms[39m
[32m[Nest] 50054  - [39m03/29/2026, 4:18:25 AM [32m    LOG[39m [38;5;3m[RoutesResolver] [39m[32mAdminController {/api/api/admin}:[39m[38;5;3m +0ms[39m
[32m[Nest] 50054  - [39m03/29/2026, 4:18:25 AM [32m    LOG[39m [38;5;3m[RouterExplorer] [39m[32mMapped {/api/api/admin/dashboard, GET} route[39m[38;5;3m +1ms[39m
[32m[Nest] 50054  - [39m03/29/2026, 4:18:25 AM [32m    LOG[39m [38;5;3m[NestApplication] [39m[32mNest application successfully started[39m[38;5;3m +2ms[39m

  ╔════════════════════════════════════════════════════════╗
  ║                                                      ║
  ║   🚀 StockHub API Server - v2.0                      ║
  ║                                                      ║
  ║   📍 Local:   http://localhost:3001                   ║
  ║   📚 Docs:    http://localhost:3001/api/docs         ║
  ║                                                      ║
  ║   Environment: development              ║
  ║   Database:    sqlite                      ║
  ║                                                      ║
  ╚════════════════════════════════════════════════════════╝
  
query: SELECT "Category"."id" AS "Category_id", "Category"."name" AS "Category_name", "Category"."name_en" AS "Category_name_en", "Category"."slug" AS "Category_slug", "Category"."description" AS "Category_description", "Category"."parent_id" AS "Category_parent_id", "Category"."level" AS "Category_level", "Category"."sort_order" AS "Category_sort_order", "Category"."is_active" AS "Category_is_active", "Category"."created_at" AS "Category_created_at", "Category"."updated_at" AS "Category_updated_at" FROM "categories" "Category" ORDER BY "Category"."id" ASC
query: SELECT COUNT(1) AS "cnt" FROM "products" "product"
query: SELECT "product"."id" AS "product_id", "product"."merchant_id" AS "product_merchant_id", "product"."category_id" AS "product_category_id", "product"."title" AS "product_title", "product"."description" AS "product_description", "product"."title_en" AS "product_title_en", "product"."description_en" AS "product_description_en", "product"."slug" AS "product_slug", "product"."specifications" AS "product_specifications", "product"."images" AS "product_images", "product"."videos" AS "product_videos", "product"."sku" AS "product_sku", "product"."brand" AS "product_brand", "product"."stock_qty" AS "product_stock_qty", "product"."domestic_price" AS "product_domestic_price", "product"."overseas_price" AS "product_overseas_price", "product"."min_order_qty" AS "product_min_order_qty", "product"."wholesale_tiers" AS "product_wholesale_tiers", "product"."display_domestic" AS "product_display_domestic", "product"."display_overseas" AS "product_display_overseas", "product"."is_expired" AS "product_is_expired", "product"."expire_date" AS "product_expire_date", "product"."status" AS "product_status", "product"."seo_title" AS "product_seo_title", "product"."seo_description" AS "product_seo_description", "product"."seo_keywords" AS "product_seo_keywords", "product"."view_count" AS "product_view_count", "product"."inquiry_count" AS "product_inquiry_count", "product"."sold_count" AS "product_sold_count", "product"."created_at" AS "product_created_at", "product"."updated_at" AS "product_updated_at", "product"."synced_at" AS "product_synced_at" FROM "products" "product" ORDER BY "product"."created_at" DESC LIMIT 20 OFFSET 0
query: SELECT COUNT(1) AS "cnt" FROM "products" "product"
query: SELECT "product"."id" AS "product_id", "product"."merchant_id" AS "product_merchant_id", "product"."category_id" AS "product_category_id", "product"."title" AS "product_title", "product"."description" AS "product_description", "product"."title_en" AS "product_title_en", "product"."description_en" AS "product_description_en", "product"."slug" AS "product_slug", "product"."specifications" AS "product_specifications", "product"."images" AS "product_images", "product"."videos" AS "product_videos", "product"."sku" AS "product_sku", "product"."brand" AS "product_brand", "product"."stock_qty" AS "product_stock_qty", "product"."domestic_price" AS "product_domestic_price", "product"."overseas_price" AS "product_overseas_price", "product"."min_order_qty" AS "product_min_order_qty", "product"."wholesale_tiers" AS "product_wholesale_tiers", "product"."display_domestic" AS "product_display_domestic", "product"."display_overseas" AS "product_display_overseas", "product"."is_expired" AS "product_is_expired", "product"."expire_date" AS "product_expire_date", "product"."status" AS "product_status", "product"."seo_title" AS "product_seo_title", "product"."seo_description" AS "product_seo_description", "product"."seo_keywords" AS "product_seo_keywords", "product"."view_count" AS "product_view_count", "product"."inquiry_count" AS "product_inquiry_count", "product"."sold_count" AS "product_sold_count", "product"."created_at" AS "product_created_at", "product"."updated_at" AS "product_updated_at", "product"."synced_at" AS "product_synced_at" FROM "products" "product" ORDER BY "product"."created_at" DESC LIMIT 20 OFFSET 0
query: SELECT COUNT(1) AS "cnt" FROM "products" "product"
query: SELECT "product"."id" AS "product_id", "product"."merchant_id" AS "product_merchant_id", "product"."category_id" AS "product_category_id", "product"."title" AS "product_title", "product"."description" AS "product_description", "product"."title_en" AS "product_title_en", "product"."description_en" AS "product_description_en", "product"."slug" AS "product_slug", "product"."specifications" AS "product_specifications", "product"."images" AS "product_images", "product"."videos" AS "product_videos", "product"."sku" AS "product_sku", "product"."brand" AS "product_brand", "product"."stock_qty" AS "product_stock_qty", "product"."domestic_price" AS "product_domestic_price", "product"."overseas_price" AS "product_overseas_price", "product"."min_order_qty" AS "product_min_order_qty", "product"."wholesale_tiers" AS "product_wholesale_tiers", "product"."display_domestic" AS "product_display_domestic", "product"."display_overseas" AS "product_display_overseas", "product"."is_expired" AS "product_is_expired", "product"."expire_date" AS "product_expire_date", "product"."status" AS "product_status", "product"."seo_title" AS "product_seo_title", "product"."seo_description" AS "product_seo_description", "product"."seo_keywords" AS "product_seo_keywords", "product"."view_count" AS "product_view_count", "product"."inquiry_count" AS "product_inquiry_count", "product"."sold_count" AS "product_sold_count", "product"."created_at" AS "product_created_at", "product"."updated_at" AS "product_updated_at", "product"."synced_at" AS "product_synced_at" FROM "products" "product" ORDER BY "product"."created_at" DESC LIMIT 20 OFFSET 0
query: SELECT COUNT(1) AS "cnt" FROM "products" "product"
query: SELECT "product"."id" AS "product_id", "product"."merchant_id" AS "product_merchant_id", "product"."category_id" AS "product_category_id", "product"."title" AS "product_title", "product"."description" AS "product_description", "product"."title_en" AS "product_title_en", "product"."description_en" AS "product_description_en", "product"."slug" AS "product_slug", "product"."specifications" AS "product_specifications", "product"."images" AS "product_images", "product"."videos" AS "product_videos", "product"."sku" AS "product_sku", "product"."brand" AS "product_brand", "product"."stock_qty" AS "product_stock_qty", "product"."domestic_price" AS "product_domestic_price", "product"."overseas_price" AS "product_overseas_price", "product"."min_order_qty" AS "product_min_order_qty", "product"."wholesale_tiers" AS "product_wholesale_tiers", "product"."display_domestic" AS "product_display_domestic", "product"."display_overseas" AS "product_display_overseas", "product"."is_expired" AS "product_is_expired", "product"."expire_date" AS "product_expire_date", "product"."status" AS "product_status", "product"."seo_title" AS "product_seo_title", "product"."seo_description" AS "product_seo_description", "product"."seo_keywords" AS "product_seo_keywords", "product"."view_count" AS "product_view_count", "product"."inquiry_count" AS "product_inquiry_count", "product"."sold_count" AS "product_sold_count", "product"."created_at" AS "product_created_at", "product"."updated_at" AS "product_updated_at", "product"."synced_at" AS "product_synced_at" FROM "products" "product" ORDER BY "product"."created_at" DESC LIMIT 20 OFFSET 0
